<?xml version="1.0" encoding="UTF-8"?>
<testsuite name="Saml.ssoImplementation.com.SamlSsoApplicationTests" tests="1" skipped="0" failures="0" errors="0" timestamp="2025-01-12T08:39:48" hostname="Rahuls-MacBook-Pro.local" time="0.398">
  <properties/>
  <testcase name="contextLoads()" classname="Saml.ssoImplementation.com.SamlSsoApplicationTests" time="0.398"/>
  <system-out><![CDATA[14:09:47.079 [Test worker] INFO org.springframework.test.context.support.AnnotationConfigContextLoaderUtils -- Could not detect default configuration classes for test class [Saml.ssoImplementation.com.SamlSsoApplicationTests]: SamlSsoApplicationTests does not declare any static, non-private, non-final, nested classes annotated with @Configuration.
14:09:47.124 [Test worker] INFO org.springframework.boot.test.context.SpringBootTestContextBootstrapper -- Found @SpringBootConfiguration Saml.ssoImplementation.com.SamlSsoApplication for test class Saml.ssoImplementation.com.SamlSsoApplicationTests

  .   ____          _            __ _ _
 /\\ / ___'_ __ _ _(_)_ __  __ _ \ \ \ \
( ( )\___ | '_ | '_| | '_ \/ _` | \ \ \ \
 \\/  ___)| |_)| | | | | || (_| |  ) ) ) )
  '  |____| .__|_| |_|_| |_\__, | / / / /
 =========|_|==============|___/=/_/_/_/

 :: Spring Boot ::                (v3.4.0)

2025-01-12T14:09:47.299+05:30  INFO 60995 --- [    Test worker] S.s.com.SamlSsoApplicationTests          : Starting SamlSsoApplicationTests using Java 17.0.13 with PID 60995 (started by DRahul in /Users/DRahul/RaHuL/Spring Boot/SamlSso)
2025-01-12T14:09:47.300+05:30  INFO 60995 --- [    Test worker] S.s.com.SamlSsoApplicationTests          : No active profile set, falling back to 1 default profile: "default"
2025-01-12T14:09:47.633+05:30  INFO 60995 --- [    Test worker] o.o.core.config.InitializationService    : Initializing OpenSAML using the Java Services API
2025-01-12T14:09:47.970+05:30  INFO 60995 --- [    Test worker] o.o.xmlsec.algorithm.AlgorithmRegistry   : Algorithm failed runtime support check, will not be usable: http://www.w3.org/2001/04/xmlenc#ripemd160
2025-01-12T14:09:47.971+05:30  INFO 60995 --- [    Test worker] o.o.xmlsec.algorithm.AlgorithmRegistry   : Algorithm failed runtime support check, will not be usable: http://www.w3.org/2001/04/xmldsig-more#hmac-ripemd160
2025-01-12T14:09:47.974+05:30  INFO 60995 --- [    Test worker] o.o.xmlsec.algorithm.AlgorithmRegistry   : Algorithm failed runtime support check, will not be usable: http://www.w3.org/2001/04/xmldsig-more#rsa-ripemd160
2025-01-12T14:09:47.994+05:30  INFO 60995 --- [    Test worker] o.o.core.config.InitializationService    : Initializing OpenSAML using the Java Services API
2025-01-12T14:09:48.036+05:30  INFO 60995 --- [    Test worker] o.o.xmlsec.algorithm.AlgorithmRegistry   : Algorithm failed runtime support check, will not be usable: http://www.w3.org/2001/04/xmlenc#ripemd160
2025-01-12T14:09:48.037+05:30  INFO 60995 --- [    Test worker] o.o.xmlsec.algorithm.AlgorithmRegistry   : Algorithm failed runtime support check, will not be usable: http://www.w3.org/2001/04/xmldsig-more#hmac-ripemd160
2025-01-12T14:09:48.037+05:30  INFO 60995 --- [    Test worker] o.o.xmlsec.algorithm.AlgorithmRegistry   : Algorithm failed runtime support check, will not be usable: http://www.w3.org/2001/04/xmldsig-more#rsa-ripemd160
2025-01-12T14:09:48.040+05:30 DEBUG 60995 --- [    Test worker] o.s.s.s.c.OpenSamlInitializationService  : Initialized OpenSAML
2025-01-12T14:09:48.094+05:30 DEBUG 60995 --- [    Test worker] swordEncoderAuthenticationManagerBuilder : No authenticationProviders and no parentAuthenticationManager defined. Returning null.
2025-01-12T14:09:48.116+05:30  INFO 60995 --- [    Test worker] o.s.b.a.w.s.WelcomePageHandlerMapping    : Adding welcome page: class path resource [static/index.html]
2025-01-12T14:09:48.188+05:30 DEBUG 60995 --- [    Test worker] o.s.s.s.c.OpenSamlInitializationService  : Refused to re-initialize OpenSAML
2025-01-12T14:09:48.190+05:30 DEBUG 60995 --- [    Test worker] o.s.s.s.c.OpenSamlInitializationService  : Refused to re-initialize OpenSAML
2025-01-12T14:09:48.192+05:30 DEBUG 60995 --- [    Test worker] o.s.s.s.c.OpenSamlInitializationService  : Refused to re-initialize OpenSAML
2025-01-12T14:09:48.193+05:30 DEBUG 60995 --- [    Test worker] o.s.s.s.c.OpenSamlInitializationService  : Refused to re-initialize OpenSAML
2025-01-12T14:09:48.194+05:30 DEBUG 60995 --- [    Test worker] o.s.s.s.c.OpenSamlInitializationService  : Refused to re-initialize OpenSAML
2025-01-12T14:09:48.195+05:30 DEBUG 60995 --- [    Test worker] o.s.s.s.c.OpenSamlInitializationService  : Refused to re-initialize OpenSAML
2025-01-12T14:09:48.195+05:30  INFO 60995 --- [    Test worker] o.s.s.web.DefaultSecurityFilterChain     : Will secure any request with [org.springframework.security.web.session.DisableEncodeUrlFilter@4348fa35, org.springframework.security.web.context.request.async.WebAsyncManagerIntegrationFilter@563843f1, org.springframework.security.web.context.SecurityContextHolderFilter@5dd747c1, org.springframework.security.web.header.HeaderWriterFilter@3caf5c96, org.springframework.security.saml2.provider.service.web.authentication.logout.Saml2LogoutRequestFilter@11c3d22f, org.springframework.security.saml2.provider.service.web.authentication.logout.Saml2LogoutResponseFilter@1dbff71c, org.springframework.security.web.csrf.CsrfFilter@186481d4, org.springframework.security.web.authentication.logout.LogoutFilter@1029cf9, org.springframework.security.web.authentication.logout.LogoutFilter@4ca0b9b1, org.springframework.security.saml2.provider.service.web.Saml2WebSsoAuthenticationRequestFilter@37cf91d8, org.springframework.security.saml2.provider.service.web.authentication.Saml2WebSsoAuthenticationFilter@4b09d1c3, org.springframework.security.web.authentication.ui.DefaultLoginPageGeneratingFilter@3b9c9b8b, org.springframework.security.web.authentication.ui.DefaultLogoutPageGeneratingFilter@38cb1606, org.springframework.security.web.savedrequest.RequestCacheAwareFilter@7aa3857b, org.springframework.security.web.servletapi.SecurityContextHolderAwareRequestFilter@1d2046bb, org.springframework.security.web.authentication.AnonymousAuthenticationFilter@61c4cebd, org.springframework.security.web.access.ExceptionTranslationFilter@136fece2, org.springframework.security.web.access.intercept.AuthorizationFilter@69ba72da]
2025-01-12T14:09:48.302+05:30  INFO 60995 --- [    Test worker] S.s.com.SamlSsoApplicationTests          : Started SamlSsoApplicationTests in 1.111 seconds (process running for 1.618)
]]></system-out>
  <system-err><![CDATA[]]></system-err>
</testsuite>
